c:\users\nhoxb\downloads\compressed\mypaint\mypaint\mypaint\mypaint\debug\mypaint.pch
c:\users\nhoxb\downloads\compressed\mypaint\mypaint\mypaint\mypaint\debug\vc120.pdb
c:\users\nhoxb\downloads\compressed\mypaint\mypaint\mypaint\mypaint\debug\vc120.idb
c:\users\nhoxb\downloads\compressed\mypaint\mypaint\mypaint\mypaint\debug\stdafx.obj
c:\users\nhoxb\downloads\compressed\mypaint\mypaint\mypaint\mypaint\debug\ellipse.obj
c:\users\nhoxb\downloads\compressed\mypaint\mypaint\mypaint\mypaint\debug\line.obj
c:\users\nhoxb\downloads\compressed\mypaint\mypaint\mypaint\mypaint\debug\mypaint.obj
c:\users\nhoxb\downloads\compressed\mypaint\mypaint\mypaint\mypaint\debug\rectangle.obj
c:\users\nhoxb\downloads\compressed\mypaint\mypaint\mypaint\mypaint\debug\shape.obj
c:\users\nhoxb\downloads\compressed\mypaint\mypaint\mypaint\debug\mypaint.ilk
c:\users\nhoxb\downloads\compressed\mypaint\mypaint\mypaint\debug\mypaint.exe
c:\users\nhoxb\downloads\compressed\mypaint\mypaint\mypaint\debug\mypaint.pdb
c:\users\nhoxb\downloads\compressed\mypaint\mypaint\mypaint\mypaint\debug\mypaint.res
c:\users\nhoxb\onedrive\documents\visual studio 2013\projects\mypaint\mypaint\debug\ellipse.obj
c:\users\nhoxb\onedrive\documents\visual studio 2013\projects\mypaint\mypaint\debug\line.obj
c:\users\nhoxb\onedrive\documents\visual studio 2013\projects\mypaint\mypaint\debug\mypaint.obj
c:\users\nhoxb\onedrive\documents\visual studio 2013\projects\mypaint\mypaint\debug\rectangle.obj
c:\users\nhoxb\onedrive\documents\visual studio 2013\projects\mypaint\mypaint\debug\shape.obj
c:\users\nhoxb\onedrive\documents\visual studio 2013\projects\mypaint\mypaint\debug\stdafx.obj
c:\users\nhoxb\onedrive\documents\visual studio 2013\projects\mypaint\mypaint\debug\mypaint.res
c:\users\nhoxb\onedrive\documents\visual studio 2013\projects\mypaint\mypaint\debug\mypaint.pch
c:\users\nhoxb\onedrive\documents\visual studio 2013\projects\mypaint\mypaint\debug\vc120.idb
c:\users\nhoxb\onedrive\documents\visual studio 2013\projects\mypaint\mypaint\debug\vc120.pdb
c:\users\nhoxb\onedrive\documents\visual studio 2013\projects\mypaint\debug\mypaint.pdb
c:\users\nhoxb\onedrive\documents\visual studio 2013\projects\mypaint\debug\mypaint.exe
c:\users\nhoxb\onedrive\documents\visual studio 2013\projects\mypaint\debug\mypaint.ilk
c:\users\nhoxb\onedrive\documents\visual studio 2013\projects\mypaint\mypaint\debug\mypaint.tlog\cl.command.1.tlog
c:\users\nhoxb\onedrive\documents\visual studio 2013\projects\mypaint\mypaint\debug\mypaint.tlog\cl.read.1.tlog
c:\users\nhoxb\onedrive\documents\visual studio 2013\projects\mypaint\mypaint\debug\mypaint.tlog\cl.write.1.tlog
c:\users\nhoxb\onedrive\documents\visual studio 2013\projects\mypaint\mypaint\debug\mypaint.tlog\link.command.1.tlog
c:\users\nhoxb\onedrive\documents\visual studio 2013\projects\mypaint\mypaint\debug\mypaint.tlog\link.read.1.tlog
c:\users\nhoxb\onedrive\documents\visual studio 2013\projects\mypaint\mypaint\debug\mypaint.tlog\link.write.1.tlog
c:\users\nhoxb\onedrive\documents\visual studio 2013\projects\mypaint\mypaint\debug\mypaint.tlog\rc.command.1.tlog
c:\users\nhoxb\onedrive\documents\visual studio 2013\projects\mypaint\mypaint\debug\mypaint.tlog\rc.read.1.tlog
c:\users\nhoxb\onedrive\documents\visual studio 2013\projects\mypaint\mypaint\debug\mypaint.tlog\rc.write.1.tlog
