c:\users\nhoxb\onedrive\documents\visual studio 2013\projects\mypaint\mypaint\release\mypaint.pch
c:\users\nhoxb\onedrive\documents\visual studio 2013\projects\mypaint\mypaint\release\vc120.pdb
c:\users\nhoxb\onedrive\documents\visual studio 2013\projects\mypaint\mypaint\release\stdafx.obj
c:\users\nhoxb\onedrive\documents\visual studio 2013\projects\mypaint\mypaint\release\shape.obj
c:\users\nhoxb\onedrive\documents\visual studio 2013\projects\mypaint\mypaint\release\rectangle.obj
c:\users\nhoxb\onedrive\documents\visual studio 2013\projects\mypaint\mypaint\release\mypaint.obj
c:\users\nhoxb\onedrive\documents\visual studio 2013\projects\mypaint\mypaint\release\line.obj
c:\users\nhoxb\onedrive\documents\visual studio 2013\projects\mypaint\mypaint\release\ellipse.obj
c:\users\nhoxb\onedrive\documents\visual studio 2013\projects\mypaint\release\mypaint.exe
c:\users\nhoxb\onedrive\documents\visual studio 2013\projects\mypaint\release\mypaint.pdb
c:\users\nhoxb\onedrive\documents\visual studio 2013\projects\mypaint\mypaint\release\mypaint.res
c:\users\nhoxb\onedrive\documents\visual studio 2013\projects\mypaint\mypaint\release\mypaint.tlog\cl.command.1.tlog
c:\users\nhoxb\onedrive\documents\visual studio 2013\projects\mypaint\mypaint\release\mypaint.tlog\cl.read.1.tlog
c:\users\nhoxb\onedrive\documents\visual studio 2013\projects\mypaint\mypaint\release\mypaint.tlog\cl.write.1.tlog
c:\users\nhoxb\onedrive\documents\visual studio 2013\projects\mypaint\mypaint\release\mypaint.tlog\link.command.1.tlog
c:\users\nhoxb\onedrive\documents\visual studio 2013\projects\mypaint\mypaint\release\mypaint.tlog\link.read.1.tlog
c:\users\nhoxb\onedrive\documents\visual studio 2013\projects\mypaint\mypaint\release\mypaint.tlog\link.write.1.tlog
c:\users\nhoxb\onedrive\documents\visual studio 2013\projects\mypaint\mypaint\release\mypaint.tlog\rc.command.1.tlog
c:\users\nhoxb\onedrive\documents\visual studio 2013\projects\mypaint\mypaint\release\mypaint.tlog\rc.read.1.tlog
c:\users\nhoxb\onedrive\documents\visual studio 2013\projects\mypaint\mypaint\release\mypaint.tlog\rc.write.1.tlog
