c:\users\nhoxb\downloads\compressed\mypaint\mypaint\mypaint\mypaintlib\debug\mypaintlib.pch
c:\users\nhoxb\downloads\compressed\mypaint\mypaint\mypaint\mypaintlib\debug\vc120.pdb
c:\users\nhoxb\downloads\compressed\mypaint\mypaint\mypaint\mypaintlib\debug\vc120.idb
c:\users\nhoxb\downloads\compressed\mypaint\mypaint\mypaint\mypaintlib\debug\stdafx.obj
c:\users\nhoxb\downloads\compressed\mypaint\mypaint\mypaint\mypaintlib\debug\dll.obj
c:\users\nhoxb\downloads\compressed\mypaint\mypaint\mypaint\mypaintlib\debug\mypaintlib.obj
c:\users\nhoxb\downloads\compressed\mypaint\mypaint\mypaint\mypaintlib\debug\dllmain.obj
c:\users\nhoxb\downloads\compressed\mypaint\mypaint\mypaint\debug\mypaintlib.ilk
c:\users\nhoxb\downloads\compressed\mypaint\mypaint\mypaint\debug\mypaintlib.dll
c:\users\nhoxb\downloads\compressed\mypaint\mypaint\mypaint\debug\mypaintlib.pdb
c:\users\nhoxb\downloads\compressed\mypaint\mypaint\mypaint\debug\mypaintlib.lib
c:\users\nhoxb\downloads\compressed\mypaint\mypaint\mypaint\debug\mypaintlib.exp
c:\users\nhoxb\onedrive\documents\visual studio 2013\projects\mypaint\mypaintlib\debug\dll.obj
c:\users\nhoxb\onedrive\documents\visual studio 2013\projects\mypaint\mypaintlib\debug\dllmain.obj
c:\users\nhoxb\onedrive\documents\visual studio 2013\projects\mypaint\mypaintlib\debug\mypaintlib.obj
c:\users\nhoxb\onedrive\documents\visual studio 2013\projects\mypaint\mypaintlib\debug\stdafx.obj
c:\users\nhoxb\onedrive\documents\visual studio 2013\projects\mypaint\mypaintlib\debug\mypaintlib.pch
c:\users\nhoxb\onedrive\documents\visual studio 2013\projects\mypaint\mypaintlib\debug\vc120.idb
c:\users\nhoxb\onedrive\documents\visual studio 2013\projects\mypaint\mypaintlib\debug\vc120.pdb
c:\users\nhoxb\onedrive\documents\visual studio 2013\projects\mypaint\debug\mypaintlib.pdb
c:\users\nhoxb\onedrive\documents\visual studio 2013\projects\mypaint\debug\mypaintlib.dll
c:\users\nhoxb\onedrive\documents\visual studio 2013\projects\mypaint\debug\mypaintlib.ilk
c:\users\nhoxb\onedrive\documents\visual studio 2013\projects\mypaint\mypaintlib\debug\mypaintlib.tlog\cl.command.1.tlog
c:\users\nhoxb\onedrive\documents\visual studio 2013\projects\mypaint\mypaintlib\debug\mypaintlib.tlog\cl.read.1.tlog
c:\users\nhoxb\onedrive\documents\visual studio 2013\projects\mypaint\mypaintlib\debug\mypaintlib.tlog\cl.write.1.tlog
c:\users\nhoxb\onedrive\documents\visual studio 2013\projects\mypaint\mypaintlib\debug\mypaintlib.tlog\link.command.1.tlog
c:\users\nhoxb\onedrive\documents\visual studio 2013\projects\mypaint\mypaintlib\debug\mypaintlib.tlog\link.read.1.tlog
c:\users\nhoxb\onedrive\documents\visual studio 2013\projects\mypaint\mypaintlib\debug\mypaintlib.tlog\link.write.1.tlog
c:\users\nhoxb\onedrive\documents\visual studio 2013\projects\mypaint\mypaintlib\debug\mypaintlib.tlog\mypaintlib.write.1u.tlog
